<?xml version="1.0" encoding="UTF-8"?>
<!-- Generated by org.testng.reporters.JUnitXMLReporter -->
<testsuite ignored="0" hostname="DESKTOP-582AH23" failures="0" tests="6" name="Default test" time="16.725" errors="0" timestamp="2024-09-23T16:24:55 GMT-04:00">
  <testcase classname="yashwanthgunapatiqa.globalcomponents.Wrapper" name="@BeforeMethod LaunchApp" time="0.004">
    <failure type="org.openqa.selenium.NoSuchSessionException" message="Session ID is null. Using WebDriver after calling quit()?
Build info: version: &amp;apos;4.24.0&amp;apos;, revision: &amp;apos;748ffc9bc3&amp;apos;
System info: os.name: &amp;apos;Windows 10&amp;apos;, os.arch: &amp;apos;amd64&amp;apos;, os.version: &amp;apos;10.0&amp;apos;, java.version: &amp;apos;17.0.10&amp;apos;
Driver info: org.openqa.selenium.chrome.ChromeDriver
Command: [null, get {url=https://rahulshettyacademy.com/client}]
Capabilities {acceptInsecureCerts: false, browserName: chrome, browserVersion: 122.0.6261.129, chrome: {chromedriverVersion: 122.0.6261.128 (f18a44fedeb..., userDataDir: C:\Users\Lenovo\AppData\Loc...}, fedcm:accounts: true, goog:chromeOptions: {debuggerAddress: localhost:54651}, networkConnectionEnabled: false, pageLoadStrategy: normal, platformName: windows, proxy: Proxy(), se:cdp: ws://localhost:54651/devtoo..., se:cdpVersion: 122.0.6261.129, setWindowRect: true, strictFileInteractability: false, timeouts: {implicit: 0, pageLoad: 300000, script: 30000}, unhandledPromptBehavior: dismiss and notify, webauthn:extension:credBlob: true, webauthn:extension:largeBlob: true, webauthn:extension:minPinLength: true, webauthn:extension:prf: true, webauthn:virtualAuthenticators: true}">
      <![CDATA[org.openqa.selenium.NoSuchSessionException: Session ID is null. Using WebDriver after calling quit()?
Build info: version: '4.24.0', revision: '748ffc9bc3'
System info: os.name: 'Windows 10', os.arch: 'amd64', os.version: '10.0', java.version: '17.0.10'
Driver info: org.openqa.selenium.chrome.ChromeDriver
Command: [null, get {url=https://rahulshettyacademy.com/client}]
Capabilities {acceptInsecureCerts: false, browserName: chrome, browserVersion: 122.0.6261.129, chrome: {chromedriverVersion: 122.0.6261.128 (f18a44fedeb..., userDataDir: C:\Users\Lenovo\AppData\Loc...}, fedcm:accounts: true, goog:chromeOptions: {debuggerAddress: localhost:54651}, networkConnectionEnabled: false, pageLoadStrategy: normal, platformName: windows, proxy: Proxy(), se:cdp: ws://localhost:54651/devtoo..., se:cdpVersion: 122.0.6261.129, setWindowRect: true, strictFileInteractability: false, timeouts: {implicit: 0, pageLoad: 300000, script: 30000}, unhandledPromptBehavior: dismiss and notify, webauthn:extension:credBlob: true, webauthn:extension:largeBlob: true, webauthn:extension:minPinLength: true, webauthn:extension:prf: true, webauthn:virtualAuthenticators: true}
at org.openqa.selenium.remote.HttpCommandExecutor.execute(HttpCommandExecutor.java:151)
at org.openqa.selenium.remote.service.DriverCommandExecutor.invokeExecute(DriverCommandExecutor.java:216)
at org.openqa.selenium.remote.service.DriverCommandExecutor.execute(DriverCommandExecutor.java:174)
at org.openqa.selenium.remote.RemoteWebDriver.execute(RemoteWebDriver.java:545)
at org.openqa.selenium.remote.RemoteWebDriver.get(RemoteWebDriver.java:313)
at yashwanthgunapatiqa.globalcomponents.BrowserComponents.launchWebSite(BrowserComponents.java:104)
at yashwanthgunapatiqa.globalcomponents.Wrapper.LaunchApp(Wrapper.java:28)
at java.base/jdk.internal.reflect.NativeMethodAccessorImpl.invoke0(Native Method)
at java.base/jdk.internal.reflect.NativeMethodAccessorImpl.invoke(NativeMethodAccessorImpl.java:77)
at java.base/jdk.internal.reflect.DelegatingMethodAccessorImpl.invoke(DelegatingMethodAccessorImpl.java:43)
at java.base/java.lang.reflect.Method.invoke(Method.java:568)
at org.testng.internal.MethodInvocationHelper.invokeMethod(MethodInvocationHelper.java:133)
at org.testng.internal.MethodInvocationHelper.invokeMethodConsideringTimeout(MethodInvocationHelper.java:62)
at org.testng.internal.ConfigInvoker.invokeConfigurationMethod(ConfigInvoker.java:385)
at org.testng.internal.ConfigInvoker.invokeConfigurations(ConfigInvoker.java:321)
at org.testng.internal.TestInvoker.runConfigMethods(TestInvoker.java:700)
at org.testng.internal.TestInvoker.invokeMethod(TestInvoker.java:527)
at org.testng.internal.TestInvoker.invokeTestMethod(TestInvoker.java:173)
at org.testng.internal.MethodRunner.runInSequence(MethodRunner.java:46)
at org.testng.internal.TestInvoker$MethodInvocationAgent.invoke(TestInvoker.java:824)
at org.testng.internal.TestInvoker.invokeTestMethods(TestInvoker.java:146)
at org.testng.internal.TestMethodWorker.invokeTestMethods(TestMethodWorker.java:146)
at org.testng.internal.TestMethodWorker.run(TestMethodWorker.java:128)
at java.base/java.util.ArrayList.forEach(ArrayList.java:1511)
at org.testng.TestRunner.privateRun(TestRunner.java:794)
at org.testng.TestRunner.run(TestRunner.java:596)
at org.testng.SuiteRunner.runTest(SuiteRunner.java:377)
at org.testng.SuiteRunner.runSequentially(SuiteRunner.java:371)
at org.testng.SuiteRunner.privateRun(SuiteRunner.java:332)
at org.testng.SuiteRunner.run(SuiteRunner.java:276)
at org.testng.SuiteRunnerWorker.runSuite(SuiteRunnerWorker.java:53)
at org.testng.SuiteRunnerWorker.run(SuiteRunnerWorker.java:96)
at org.testng.TestNG.runSuitesSequentially(TestNG.java:1212)
at org.testng.TestNG.runSuitesLocally(TestNG.java:1134)
at org.testng.TestNG.runSuites(TestNG.java:1063)
at org.testng.TestNG.run(TestNG.java:1031)
at org.testng.remote.AbstractRemoteTestNG.run(AbstractRemoteTestNG.java:115)
at org.testng.remote.RemoteTestNG.initAndRun(RemoteTestNG.java:251)
at org.testng.remote.RemoteTestNG.main(RemoteTestNG.java:77)
]]>
    </failure>
  </testcase> <!-- @BeforeMethod LaunchApp -->
  <testcase classname="yashwanthgunapatiqa.globalcomponents.Wrapper" name="@AfterMethod tearDown" time="-1.727123095598E9">
    <skipped/>
  </testcase> <!-- @AfterMethod tearDown -->
  <testcase classname="yashwanthgunapatiqa.globalcomponents.Wrapper" name="@BeforeMethod LaunchApp" time="-1.7271230956E9">
    <skipped/>
  </testcase> <!-- @BeforeMethod LaunchApp -->
  <testcase classname="yashwanthgunapatiqa.globalcomponents.Wrapper" name="@AfterMethod tearDown" time="-1.727123095612E9">
    <skipped/>
  </testcase> <!-- @AfterMethod tearDown -->
  <testcase classname="yashwanthgunapatiqa.globalcomponents.Wrapper" name="@BeforeMethod LaunchApp" time="-1.727123095625E9">
    <skipped/>
  </testcase> <!-- @BeforeMethod LaunchApp -->
  <testcase classname="yashwanthgunapatiqa.globalcomponents.Wrapper" name="@AfterMethod tearDown" time="-1.727123095642E9">
    <skipped/>
  </testcase> <!-- @AfterMethod tearDown -->
  <testcase classname="yashwanthgunapatiqa.globalcomponents.Wrapper" name="@BeforeMethod LaunchApp" time="-1.727123095644E9">
    <skipped/>
  </testcase> <!-- @BeforeMethod LaunchApp -->
  <testcase classname="yashwanthgunapatiqa.globalcomponents.Wrapper" name="@AfterMethod tearDown" time="-1.727123095651E9">
    <skipped/>
  </testcase> <!-- @AfterMethod tearDown -->
  <testcase classname="yashwanthgunapatiqa.globalcomponents.Wrapper" name="@BeforeMethod LaunchApp" time="-1.727123095653E9">
    <skipped/>
  </testcase> <!-- @BeforeMethod LaunchApp -->
  <testcase classname="yashwanthgunapatiqa.globalcomponents.Wrapper" name="@AfterMethod tearDown" time="-1.727123095657E9">
    <skipped/>
  </testcase> <!-- @AfterMethod tearDown -->
  <testcase classname="yashwanthgunapatiqa.tests.SubmitOrder_E2E_TestCase" name="checkOutProduct" time="9.659"/>
  <testcase classname="yashwanthgunapatiqa.tests.SubmitOrder_E2E_TestCase" name="checkOutProduct" time="0.0">
    <skipped/>
  </testcase> <!-- checkOutProduct -->
  <testcase classname="yashwanthgunapatiqa.tests.SubmitOrder_E2E_TestCase" name="checkOutProduct" time="0.0">
    <skipped/>
  </testcase> <!-- checkOutProduct -->
  <testcase classname="yashwanthgunapatiqa.tests.SubmitOrder_E2E_TestCase" name="checkOrderConfirmationofProduct" time="0.0">
    <skipped/>
  </testcase> <!-- checkOrderConfirmationofProduct -->
  <testcase classname="yashwanthgunapatiqa.tests.SubmitOrder_E2E_TestCase" name="checkOrderConfirmationofProduct" time="0.0">
    <skipped/>
  </testcase> <!-- checkOrderConfirmationofProduct -->
  <testcase classname="yashwanthgunapatiqa.tests.SubmitOrder_E2E_TestCase" name="checkOrderConfirmationofProduct" time="0.0">
    <skipped/>
  </testcase> <!-- checkOrderConfirmationofProduct -->
</testsuite> <!-- Default test -->
